# JRE version: OpenJDK Runtime Environment (17.0.6) (build 17.0.6+0-b2043.56-10027231)
# Java VM: OpenJDK 64-Bit Server VM (17.0.6+0-b2043.56-10027231, mixed mode, tiered, compressed oops, compressed class ptrs, g1 gc, windows-amd64)
GC Precious Log:
 CPUs: 6 total, 6 available
 Memory: 8127M
 Large Page Support: Disabled
 NUMA Support: Disabled
 Compressed Oops: Enabled (32-bit)
 Heap Region Size: 1M
 Heap Min Capacity: 8M
 Heap Initial Capacity: 128M
 Heap Max Capacity: 2G
 Pre-touch: Disabled
 Parallel Workers: 6
 Concurrent Workers: 2
 Concurrent Refinement Workers: 6
 Periodic GC: Disabled
Heap:
 garbage-first heap   total 480256K, used 234379K [0x0000000080000000, 0x0000000100000000)
  region size 1024K, 3 young (3072K), 3 survivors (3072K)
 Metaspace       used 199409K, committed 201344K, reserved 1228800K
  class space    used 25811K, committed 26560K, reserved 1048576K
GC Heap History (20 events):
Event: 2538.064 GC heap after
{Heap after GC invocations=89 (full 0):
 garbage-first heap   total 472064K, used 238782K [0x0000000080000000, 0x0000000100000000)
  region size 1024K, 21 young (21504K), 21 survivors (21504K)
 Metaspace       used 182791K, committed 184064K, reserved 1212416K
  class space    used 23279K, committed 23872K, reserved 1048576K
}
Event: 2538.083 GC heap before
{Heap before GC invocations=89 (full 0):
 garbage-first heap   total 472064K, used 240830K [0x0000000080000000, 0x0000000100000000)
  region size 1024K, 23 young (23552K), 21 survivors (21504K)
 Metaspace       used 182845K, committed 184128K, reserved 1212416K
  class space    used 23279K, committed 23872K, reserved 1048576K
}
Event: 2538.097 GC heap after
{Heap after GC invocations=90 (full 0):
 garbage-first heap   total 472064K, used 236885K [0x0000000080000000, 0x0000000100000000)
  region size 1024K, 3 young (3072K), 3 survivors (3072K)
 Metaspace       used 182845K, committed 184128K, reserved 1212416K
  class space    used 23279K, committed 23872K, reserved 1048576K
}
Event: 2538.325 GC heap before
{Heap before GC invocations=90 (full 0):
 garbage-first heap   total 472064K, used 264533K [0x0000000080000000, 0x0000000100000000)
  region size 1024K, 31 young (31744K), 3 survivors (3072K)
 Metaspace       used 183184K, committed 184448K, reserved 1212416K
  class space    used 23301K, committed 23872K, reserved 1048576K
}
Event: 2538.328 GC heap after
{Heap after GC invocations=91 (full 0):
 garbage-first heap   total 472064K, used 235793K [0x0000000080000000, 0x0000000100000000)
  region size 1024K, 2 young (2048K), 2 survivors (2048K)
 Metaspace       used 183184K, committed 184448K, reserved 1212416K
  class space    used 23301K, committed 23872K, reserved 1048576K
}
Event: 2539.364 GC heap before
{Heap before GC invocations=92 (full 0):
 garbage-first heap   total 472064K, used 389393K [0x0000000080000000, 0x0000000100000000)
  region size 1024K, 151 young (154624K), 2 survivors (2048K)
 Metaspace       used 199249K, committed 200576K, reserved 1228800K
  class space    used 25859K, committed 26496K, reserved 1048576K
}
Event: 2539.377 GC heap after
{Heap after GC invocations=93 (full 0):
 garbage-first heap   total 472064K, used 248505K [0x0000000080000000, 0x0000000100000000)
  region size 1024K, 15 young (15360K), 15 survivors (15360K)
 Metaspace       used 199249K, committed 200576K, reserved 1228800K
  class space    used 25859K, committed 26496K, reserved 1048576K
}
Event: 2539.418 GC heap before
{Heap before GC invocations=93 (full 0):
 garbage-first heap   total 472064K, used 255673K [0x0000000080000000, 0x0000000100000000)
  region size 1024K, 23 young (23552K), 15 survivors (15360K)
 Metaspace       used 199582K, committed 200896K, reserved 1228800K
  class space    used 25931K, committed 26560K, reserved 1048576K
}
Event: 2539.432 GC heap after
{Heap after GC invocations=94 (full 0):
 garbage-first heap   total 472064K, used 234041K [0x0000000080000000, 0x0000000100000000)
  region size 1024K, 3 young (3072K), 3 survivors (3072K)
 Metaspace       used 199582K, committed 200896K, reserved 1228800K
  class space    used 25931K, committed 26560K, reserved 1048576K
}
Event: 2539.441 GC heap before
{Heap before GC invocations=94 (full 0):
 garbage-first heap   total 472064K, used 237113K [0x0000000080000000, 0x0000000100000000)
  region size 1024K, 8 young (8192K), 3 survivors (3072K)
 Metaspace       used 199599K, committed 200896K, reserved 1228800K
  class space    used 25931K, committed 26560K, reserved 1048576K
}
Event: 2539.444 GC heap after
{Heap after GC invocations=95 (full 0):
 garbage-first heap   total 472064K, used 234040K [0x0000000080000000, 0x0000000100000000)
  region size 1024K, 3 young (3072K), 3 survivors (3072K)
 Metaspace       used 199599K, committed 200896K, reserved 1228800K
  class space    used 25931K, committed 26560K, reserved 1048576K
}
Event: 2692.982 GC heap before
{Heap before GC invocations=96 (full 0):
 garbage-first heap   total 472064K, used 379448K [0x0000000080000000, 0x0000000100000000)
  region size 1024K, 145 young (148480K), 3 survivors (3072K)
 Metaspace       used 199992K, committed 201344K, reserved 1228800K
  class space    used 25962K, committed 26560K, reserved 1048576K
}
Event: 2692.987 GC heap after
{Heap after GC invocations=97 (full 0):
 garbage-first heap   total 472064K, used 237415K [0x0000000080000000, 0x0000000100000000)
  region size 1024K, 7 young (7168K), 7 survivors (7168K)
 Metaspace       used 199992K, committed 201344K, reserved 1228800K
  class space    used 25962K, committed 26560K, reserved 1048576K
}
Event: 2693.072 GC heap before
{Heap before GC invocations=97 (full 0):
 garbage-first heap   total 472064K, used 254823K [0x0000000080000000, 0x0000000100000000)
  region size 1024K, 23 young (23552K), 7 survivors (7168K)
 Metaspace       used 200011K, committed 201344K, reserved 1228800K
  class space    used 25962K, committed 26560K, reserved 1048576K
}
Event: 2693.081 GC heap after
{Heap after GC invocations=98 (full 0):
 garbage-first heap   total 472064K, used 236698K [0x0000000080000000, 0x0000000100000000)
  region size 1024K, 3 young (3072K), 3 survivors (3072K)
 Metaspace       used 200011K, committed 201344K, reserved 1228800K
  class space    used 25962K, committed 26560K, reserved 1048576K
}
Event: 2693.200 GC heap before
{Heap before GC invocations=98 (full 0):
 garbage-first heap   total 472064K, used 266394K [0x0000000080000000, 0x0000000100000000)
  region size 1024K, 33 young (33792K), 3 survivors (3072K)
 Metaspace       used 200042K, committed 201344K, reserved 1228800K
  class space    used 25962K, committed 26560K, reserved 1048576K
}
Event: 2693.208 GC heap after
{Heap after GC invocations=99 (full 0):
 garbage-first heap   total 472064K, used 253952K [0x0000000080000000, 0x0000000100000000)
  region size 1024K, 19 young (19456K), 19 survivors (19456K)
 Metaspace       used 200042K, committed 201344K, reserved 1228800K
  class space    used 25962K, committed 26560K, reserved 1048576K
}
Event: 2693.561 GC heap before
{Heap before GC invocations=100 (full 0):
 garbage-first heap   total 480256K, used 360448K [0x0000000080000000, 0x0000000100000000)
  region size 1024K, 101 young (103424K), 19 survivors (19456K)
 Metaspace       used 199378K, committed 201344K, reserved 1228800K
  class space    used 25810K, committed 26560K, reserved 1048576K
}
Event: 2693.576 GC heap after
{Heap after GC invocations=101 (full 0):
 garbage-first heap   total 480256K, used 257282K [0x0000000080000000, 0x0000000100000000)
  region size 1024K, 9 young (9216K), 9 survivors (9216K)
 Metaspace       used 199378K, committed 201344K, reserved 1228800K
  class space    used 25810K, committed 26560K, reserved 1048576K
}
Event: 2693.591 GC heap before
{Heap before GC invocations=101 (full 0):
 garbage-first heap   total 480256K, used 271618K [0x0000000080000000, 0x0000000100000000)
  region size 1024K, 23 young (23552K), 9 survivors (9216K)
 Metaspace       used 199409K, committed 201344K, reserved 1228800K
  class space    used 25811K, committed 26560K, reserved 1048576K
}

