# JRE version: OpenJDK Runtime Environment (17.0.6) (build 17.0.6+0-b2043.56-10027231)
# Java VM: OpenJDK 64-Bit Server VM (17.0.6+0-b2043.56-10027231, mixed mode, tiered, compressed oops, compressed class ptrs, g1 gc, windows-amd64)
GC Precious Log:
 CPUs: 6 total, 6 available
 Memory: 8127M
 Large Page Support: Disabled
 NUMA Support: Disabled
 Compressed Oops: Enabled (32-bit)
 Heap Region Size: 1M
 Heap Min Capacity: 8M
 Heap Initial Capacity: 128M
 Heap Max Capacity: 2G
 Pre-touch: Disabled
 Parallel Workers: 6
 Concurrent Workers: 2
 Concurrent Refinement Workers: 6
 Periodic GC: Disabled
Heap:
 garbage-first heap   total 280576K, used 129156K [0x0000000080000000, 0x0000000100000000)
  region size 1024K, 8 young (8192K), 8 survivors (8192K)
 Metaspace       used 128617K, committed 129536K, reserved 1163264K
  class space    used 17227K, committed 17664K, reserved 1048576K
GC Heap History (20 events):
Event: 366.861 GC heap after
{Heap after GC invocations=38 (full 0):
 garbage-first heap   total 269312K, used 118685K [0x0000000080000000, 0x0000000100000000)
  region size 1024K, 1 young (1024K), 1 survivors (1024K)
 Metaspace       used 125010K, committed 125760K, reserved 1163264K
  class space    used 17073K, committed 17408K, reserved 1048576K
}
Event: 367.400 GC heap before
{Heap before GC invocations=38 (full 0):
 garbage-first heap   total 269312K, used 183197K [0x0000000080000000, 0x0000000100000000)
  region size 1024K, 66 young (67584K), 1 survivors (1024K)
 Metaspace       used 125881K, committed 126656K, reserved 1163264K
  class space    used 17109K, committed 17472K, reserved 1048576K
}
Event: 367.407 GC heap after
{Heap after GC invocations=39 (full 0):
 garbage-first heap   total 269312K, used 125193K [0x0000000080000000, 0x0000000100000000)
  region size 1024K, 8 young (8192K), 8 survivors (8192K)
 Metaspace       used 125881K, committed 126656K, reserved 1163264K
  class space    used 17109K, committed 17472K, reserved 1048576K
}
Event: 1212.220 GC heap before
{Heap before GC invocations=40 (full 0):
 garbage-first heap   total 269312K, used 236809K [0x0000000080000000, 0x0000000100000000)
  region size 1024K, 95 young (97280K), 8 survivors (8192K)
 Metaspace       used 126499K, committed 127360K, reserved 1163264K
  class space    used 17122K, committed 17536K, reserved 1048576K
}
Event: 1212.230 GC heap after
{Heap after GC invocations=41 (full 0):
 garbage-first heap   total 269312K, used 136690K [0x0000000080000000, 0x0000000100000000)
  region size 1024K, 12 young (12288K), 12 survivors (12288K)
 Metaspace       used 126499K, committed 127360K, reserved 1163264K
  class space    used 17122K, committed 17536K, reserved 1048576K
}
Event: 1212.237 GC heap before
{Heap before GC invocations=41 (full 0):
 garbage-first heap   total 269312K, used 136690K [0x0000000080000000, 0x0000000100000000)
  region size 1024K, 13 young (13312K), 12 survivors (12288K)
 Metaspace       used 126499K, committed 127360K, reserved 1163264K
  class space    used 17122K, committed 17536K, reserved 1048576K
}
Event: 1212.243 GC heap after
{Heap after GC invocations=42 (full 0):
 garbage-first heap   total 269312K, used 135217K [0x0000000080000000, 0x0000000100000000)
  region size 1024K, 1 young (1024K), 1 survivors (1024K)
 Metaspace       used 126499K, committed 127360K, reserved 1163264K
  class space    used 17122K, committed 17536K, reserved 1048576K
}
Event: 1212.718 GC heap before
{Heap before GC invocations=42 (full 0):
 garbage-first heap   total 269312K, used 198705K [0x0000000080000000, 0x0000000100000000)
  region size 1024K, 65 young (66560K), 1 survivors (1024K)
 Metaspace       used 127326K, committed 128128K, reserved 1163264K
  class space    used 17168K, committed 17536K, reserved 1048576K
}
Event: 1212.725 GC heap after
{Heap after GC invocations=43 (full 0):
 garbage-first heap   total 269312K, used 140866K [0x0000000080000000, 0x0000000100000000)
  region size 1024K, 7 young (7168K), 7 survivors (7168K)
 Metaspace       used 127326K, committed 128128K, reserved 1163264K
  class space    used 17168K, committed 17536K, reserved 1048576K
}
Event: 1323.318 GC heap before
{Heap before GC invocations=44 (full 0):
 garbage-first heap   total 280576K, used 238146K [0x0000000080000000, 0x0000000100000000)
  region size 1024K, 78 young (79872K), 7 survivors (7168K)
 Metaspace       used 127846K, committed 128768K, reserved 1163264K
  class space    used 17208K, committed 17664K, reserved 1048576K
}
Event: 1323.327 GC heap after
{Heap after GC invocations=45 (full 0):
 garbage-first heap   total 280576K, used 153755K [0x0000000080000000, 0x0000000100000000)
  region size 1024K, 10 young (10240K), 10 survivors (10240K)
 Metaspace       used 127846K, committed 128768K, reserved 1163264K
  class space    used 17208K, committed 17664K, reserved 1048576K
}
Event: 1323.367 GC heap before
{Heap before GC invocations=45 (full 0):
 garbage-first heap   total 280576K, used 156827K [0x0000000080000000, 0x0000000100000000)
  region size 1024K, 13 young (13312K), 10 survivors (10240K)
 Metaspace       used 127846K, committed 128768K, reserved 1163264K
  class space    used 17208K, committed 17664K, reserved 1048576K
}
Event: 1323.376 GC heap after
{Heap after GC invocations=46 (full 0):
 garbage-first heap   total 280576K, used 135604K [0x0000000080000000, 0x0000000100000000)
  region size 1024K, 2 young (2048K), 2 survivors (2048K)
 Metaspace       used 127846K, committed 128768K, reserved 1163264K
  class space    used 17208K, committed 17664K, reserved 1048576K
}
Event: 1323.762 GC heap before
{Heap before GC invocations=46 (full 0):
 garbage-first heap   total 280576K, used 181684K [0x0000000080000000, 0x0000000100000000)
  region size 1024K, 49 young (50176K), 2 survivors (2048K)
 Metaspace       used 128076K, committed 129024K, reserved 1163264K
  class space    used 17214K, committed 17664K, reserved 1048576K
}
Event: 1323.767 GC heap after
{Heap after GC invocations=47 (full 0):
 garbage-first heap   total 280576K, used 140454K [0x0000000080000000, 0x0000000100000000)
  region size 1024K, 7 young (7168K), 7 survivors (7168K)
 Metaspace       used 128076K, committed 129024K, reserved 1163264K
  class space    used 17214K, committed 17664K, reserved 1048576K
}
Event: 1709.105 GC heap before
{Heap before GC invocations=48 (full 0):
 garbage-first heap   total 280576K, used 243878K [0x0000000080000000, 0x0000000100000000)
  region size 1024K, 86 young (88064K), 7 survivors (7168K)
 Metaspace       used 128399K, committed 129280K, reserved 1163264K
  class space    used 17217K, committed 17664K, reserved 1048576K
}
Event: 1709.111 GC heap after
{Heap after GC invocations=49 (full 0):
 garbage-first heap   total 280576K, used 142463K [0x0000000080000000, 0x0000000100000000)
  region size 1024K, 3 young (3072K), 3 survivors (3072K)
 Metaspace       used 128399K, committed 129280K, reserved 1163264K
  class space    used 17217K, committed 17664K, reserved 1048576K
}
Event: 1709.145 GC heap before
{Heap before GC invocations=49 (full 0):
 garbage-first heap   total 280576K, used 151679K [0x0000000080000000, 0x0000000100000000)
  region size 1024K, 13 young (13312K), 3 survivors (3072K)
 Metaspace       used 128402K, committed 129344K, reserved 1163264K
  class space    used 17217K, committed 17664K, reserved 1048576K
}
Event: 1709.158 GC heap after
{Heap after GC invocations=50 (full 0):
 garbage-first heap   total 280576K, used 122319K [0x0000000080000000, 0x0000000100000000)
  region size 1024K, 1 young (1024K), 1 survivors (1024K)
 Metaspace       used 128402K, committed 129344K, reserved 1163264K
  class space    used 17217K, committed 17664K, reserved 1048576K
}
Event: 1709.465 GC heap before
{Heap before GC invocations=50 (full 0):
 garbage-first heap   total 280576K, used 156111K [0x0000000080000000, 0x0000000100000000)
  region size 1024K, 36 young (36864K), 1 survivors (1024K)
 Metaspace       used 128617K, committed 129536K, reserved 1163264K
  class space    used 17227K, committed 17664K, reserved 1048576K
}

